0 verbose cli /usr/local/bin/node /usr/local/bin/npm
1 info using npm@11.11.0
2 info using node@v23.11.1
3 silly config load:file:/usr/local/lib/node_modules/npm/npmrc
4 silly config load:file:/home/container/.npmrc
5 silly config load:file:/usr/local/etc/npmrc
6 verbose title npm install
7 verbose argv "install"
8 verbose logfile logs-max:10 dir:/home/container/.npm/_logs/2026-03-02T17_29_47_287Z-
9 verbose logfile /home/container/.npm/_logs/2026-03-02T17_29_47_287Z-debug-0.log
10 silly logfile done cleaning log files
11 silly packumentCache heap:1740111872 maxSize:435027968 maxEntrySize:217513984
12 silly idealTree buildDeps
13 silly reify moves {}
14 silly audit bulk request {
14 silly audit   '@discordjs/builders': [ '1.10.0' ],
14 silly audit   '@discordjs/collection': [ '2.1.1', '1.5.3' ],
14 silly audit   '@discordjs/formatters': [ '0.6.0' ],
14 silly audit   '@discordjs/rest': [ '2.4.2' ],
14 silly audit   '@discordjs/util': [ '1.1.1' ],
14 silly audit   '@discordjs/ws': [ '1.2.0' ],
14 silly audit   '@mongodb-js/saslprep': [ '1.1.9' ],
14 silly audit   '@sapphire/async-queue': [ '1.5.5' ],
14 silly audit   '@sapphire/shapeshift': [ '4.0.0' ],
14 silly audit   '@sapphire/snowflake': [ '3.5.5', '3.5.3' ],
14 silly audit   '@types/node': [ '22.10.5' ],
14 silly audit   '@types/webidl-conversions': [ '7.0.3' ],
14 silly audit   '@types/whatwg-url': [ '11.0.5' ],
14 silly audit   '@types/ws': [ '8.5.13' ],
14 silly audit   '@vladfrangu/async_event_emitter': [ '2.4.6' ],
14 silly audit   accepts: [ '1.3.8' ],
14 silly audit   'array-flatten': [ '1.1.1' ],
14 silly audit   'body-parser': [ '1.20.3' ],
14 silly audit   'http-errors': [ '2.0.0', '1.6.3' ],
14 silly audit   inherits: [ '2.0.4', '2.0.3' ],
14 silly audit   'on-finished': [ '2.4.1', '2.3.0' ],
14 silly audit   bson: [ '6.10.1' ],
14 silly audit   bufferutil: [ '4.0.9' ],
14 silly audit   bytes: [ '3.1.2' ],
14 silly audit   'call-bind-apply-helpers': [ '1.0.1' ],
14 silly audit   'call-bound': [ '1.0.3' ],
14 silly audit   'connect-timeout': [ '1.9.0' ],
14 silly audit   'content-disposition': [ '0.5.4' ],
14 silly audit   'content-type': [ '1.0.5' ],
14 silly audit   cookie: [ '0.7.2', '0.7.1' ],
14 silly audit   'cookie-parser': [ '1.4.7' ],
14 silly audit   'cookie-signature': [ '1.0.6' ],
14 silly audit   cors: [ '2.8.5' ],
14 silly audit   debug: [ '2.6.9', '4.4.0' ],
14 silly audit   depd: [ '2.0.0', '1.1.2' ],
14 silly audit   destroy: [ '1.2.0' ],
14 silly audit   'discord-api-types': [ '0.37.115' ],
14 silly audit   'discord.js': [ '14.17.3' ],
14 silly audit   dotenv: [ '16.4.7' ],
14 silly audit   'dunder-proto': [ '1.0.1' ],
14 silly audit   'ee-first': [ '1.1.1' ],
14 silly audit   encodeurl: [ '2.0.0', '1.0.2' ],
14 silly audit   'es-define-property': [ '1.0.1' ],
14 silly audit   'es-errors': [ '1.3.0' ],
14 silly audit   'es-object-atoms': [ '1.0.0' ],
14 silly audit   'escape-html': [ '1.0.3' ],
14 silly audit   etag: [ '1.8.1' ],
14 silly audit   express: [ '4.21.2' ],
14 silly audit   'express-async-errors': [ '3.1.1' ],
14 silly audit   'fast-deep-equal': [ '3.1.3' ],
14 silly audit   finalhandler: [ '1.3.1' ],
14 silly audit   forwarded: [ '0.2.0' ],
14 silly audit   fresh: [ '0.5.2' ],
14 silly audit   'function-bind': [ '1.1.2' ],
14 silly audit   'get-intrinsic': [ '1.2.7' ],
14 silly audit   'get-proto': [ '1.0.1' ],
14 silly audit   gopd: [ '1.2.0' ],
14 silly audit   'has-symbols': [ '1.1.0' ],
14 silly audit   hasown: [ '2.0.2' ],
14 silly audit   setprototypeof: [ '1.1.0', '1.2.0' ],
14 silly audit   statuses: [ '1.5.0', '2.0.1' ],
14 silly audit   'iconv-lite': [ '0.4.24' ],
14 silly audit   install: [ '0.13.0' ],
14 silly audit   'ipaddr.js': [ '1.9.1' ],
14 silly audit   kareem: [ '2.6.3' ],
14 silly audit   lodash: [ '4.17.21' ],
14 silly audit   'lodash.snakecase': [ '4.1.1' ],
14 silly audit   'magic-bytes.js': [ '1.10.0' ],
14 silly audit   'math-intrinsics': [ '1.1.0' ],
14 silly audit   'media-typer': [ '0.3.0' ],
14 silly audit   'memory-pager': [ '1.5.0' ],
14 silly audit   'merge-descriptors': [ '1.0.3' ],
14 silly audit   methods: [ '1.1.2' ],
14 silly audit   mime: [ '1.6.0' ],
14 silly audit   'mime-db': [ '1.52.0' ],
14 silly audit   'mime-types': [ '2.1.35' ],
14 silly audit   mongodb: [ '6.12.0' ],
14 silly audit   'mongodb-connection-string-url': [ '3.0.1' ],
14 silly audit   mongoose: [ '8.9.4' ],
14 silly audit   ms: [ '2.1.3', '2.0.0' ],
14 silly audit   mpath: [ '0.9.0' ],
14 silly audit   mquery: [ '5.0.0' ],
14 silly audit   nan: [ '2.22.0' ],
14 silly audit   negotiator: [ '0.6.3' ],
14 silly audit   'node-gyp-build': [ '4.8.4' ],
14 silly audit   'object-assign': [ '4.1.1' ],
14 silly audit   'object-inspect': [ '1.13.3' ],
14 silly audit   'on-headers': [ '1.0.2' ],
14 silly audit   ordinal: [ '1.0.3' ],
14 silly audit   parseurl: [ '1.3.3' ],
14 silly audit   'path-to-regexp': [ '0.1.12' ],
14 silly audit   'proxy-addr': [ '2.0.7' ],
14 silly audit   punycode: [ '2.3.1' ],
14 silly audit   qs: [ '6.13.0' ],
14 silly audit   'range-parser': [ '1.2.1' ],
14 silly audit   'raw-body': [ '2.5.2' ],
14 silly audit   'safe-buffer': [ '5.2.1' ],
14 silly audit   'safer-buffer': [ '2.1.2' ],
14 silly audit   send: [ '0.19.0' ],
14 silly audit   'serve-static': [ '1.16.2' ],
14 silly audit   'side-channel': [ '1.1.0' ],
14 silly audit   'side-channel-list': [ '1.0.0' ],
14 silly audit   'side-channel-map': [ '1.0.1' ],
14 silly audit   'side-channel-weakmap': [ '1.0.2' ],
14 silly audit   sift: [ '17.1.3' ],
14 silly audit   'sparse-bitfield': [ '3.0.3' ],
14 silly audit   toidentifier: [ '1.0.1' ],
14 silly audit   tr46: [ '4.1.1' ],
14 silly audit   'ts-mixer': [ '6.0.4' ],
14 silly audit   tslib: [ '2.8.1' ],
14 silly audit   'type-is': [ '1.6.18' ],
14 silly audit   undici: [ '6.19.8' ],
14 silly audit   'undici-types': [ '6.20.0' ],
14 silly audit   unpipe: [ '1.0.0' ],
14 silly audit   'utf-8-validate': [ '6.0.5' ],
14 silly audit   'utils-merge': [ '1.0.1' ],
14 silly audit   vary: [ '1.1.2' ],
14 silly audit   'webidl-conversions': [ '7.0.0' ],
14 silly audit   'whatwg-url': [ '13.0.0' ],
14 silly audit   ws: [ '8.18.0' ],
14 silly audit   'zlib-sync': [ '0.1.9' ]
14 silly audit }
15 http fetch POST 200 https://registry.npmjs.org/-/npm/v1/security/advisories/bulk 275ms
16 silly audit report {
16 silly audit report   lodash: [
16 silly audit report     {
16 silly audit report       id: 1112455,
16 silly audit report       url: 'https://github.com/advisories/GHSA-xxjr-mmjv-4gpg',
16 silly audit report       title: 'Lodash has Prototype Pollution Vulnerability in `_.unset` and `_.omit` functions',
16 silly audit report       severity: 'moderate',
16 silly audit report       vulnerable_versions: '>=4.0.0 <=4.17.22',
16 silly audit report       cwe: [Array],
16 silly audit report       cvss: [Object]
16 silly audit report     }
16 silly audit report   ],
16 silly audit report   mongoose: [
16 silly audit report     {
16 silly audit report       id: 1101840,
16 silly audit report       url: 'https://github.com/advisories/GHSA-vg7j-7cwx-8wgw',
16 silly audit report       title: 'Mongoose search injection vulnerability',
16 silly audit report       severity: 'critical',
16 silly audit report       vulnerable_versions: '>=8.0.0-rc0 <8.9.5',
16 silly audit report       cwe: [Array],
16 silly audit report       cvss: [Object]
16 silly audit report     }
16 silly audit report   ],
16 silly audit report   'on-headers': [
16 silly audit report     {
16 silly audit report       id: 1106812,
16 silly audit report       url: 'https://github.com/advisories/GHSA-76c9-3jph-rj3q',
16 silly audit report       title: 'on-headers is vulnerable to http response header manipulation',
16 silly audit report       severity: 'low',
16 silly audit report       vulnerable_versions: '<1.1.0',
16 silly audit report       cwe: [Array],
16 silly audit report       cvss: [Object]
16 silly audit report     }
16 silly audit report   ],
16 silly audit report   qs: [
16 silly audit report     {
16 silly audit report       id: 1113132,
16 silly audit report       url: 'https://github.com/advisories/GHSA-6rw7-vpxm-498p',
16 silly audit report       title: "qs's arrayLimit bypass in its bracket notation allows DoS via memory exhaustion",
16 silly audit report       severity: 'high',
16 silly audit report       vulnerable_versions: '<6.14.1',
16 silly audit report       cwe: [Array],
16 silly audit report       cvss: [Object]
16 silly audit report     },
16 silly audit report     {
16 silly audit report       id: 1113161,
16 silly audit report       url: 'https://github.com/advisories/GHSA-w7fw-mjwx-w883',
16 silly audit report       title: "qs's arrayLimit bypass in comma parsing allows denial of service",
16 silly audit report       severity: 'low',
16 silly audit report       vulnerable_versions: '>=6.7.0 <=6.14.1',
16 silly audit report       cwe: [Array],
16 silly audit report       cvss: [Object]
16 silly audit report     }
16 silly audit report   ],
16 silly audit report   undici: [
16 silly audit report     {
16 silly audit report       id: 1101609,
16 silly audit report       url: 'https://github.com/advisories/GHSA-c76h-2ccp-4975',
16 silly audit report       title: 'Use of Insufficiently Random Values in undici',
16 silly audit report       severity: 'moderate',
16 silly audit report       vulnerable_versions: '>=6.0.0 <6.21.1',
16 silly audit report       cwe: [Array],
16 silly audit report       cvss: [Object]
16 silly audit report     },
16 silly audit report     {
16 silly audit report       id: 1112496,
16 silly audit report       url: 'https://github.com/advisories/GHSA-g9mf-h72j-4rw9',
16 silly audit report       title: 'Undici has an unbounded decompression chain in HTTP responses on Node.js Fetch API via Content-Encoding leads to resource exhaustion',
16 silly audit report       severity: 'moderate',
16 silly audit report       vulnerable_versions: '<6.23.0',
16 silly audit report       cwe: [Array],
16 silly audit report       cvss: [Object]
16 silly audit report     },
16 silly audit report     {
16 silly audit report       id: 1113068,
16 silly audit report       url: 'https://github.com/advisories/GHSA-cxrh-j4jr-qwg3',
16 silly audit report       title: 'undici Denial of Service attack via bad certificate data',
16 silly audit report       severity: 'low',
16 silly audit report       vulnerable_versions: '>=6.0.0 <6.21.2',
16 silly audit report       cwe: [Array],
16 silly audit report       cvss: [Object]
16 silly audit report     }
16 silly audit report   ]
16 silly audit report }
17 silly packumentCache corgi:https://registry.npmjs.org/lodash cache-miss
18 silly packumentCache corgi:https://registry.npmjs.org/mongoose cache-miss
19 silly packumentCache corgi:https://registry.npmjs.org/on-headers cache-miss
20 silly packumentCache corgi:https://registry.npmjs.org/qs cache-miss
21 silly packumentCache corgi:https://registry.npmjs.org/undici cache-miss
22 http fetch GET 200 https://registry.npmjs.org/on-headers 52ms (cache revalidated)
23 silly packumentCache corgi:https://registry.npmjs.org/on-headers set size:4386 disposed:false
24 http fetch GET 200 https://registry.npmjs.org/qs 69ms (cache revalidated)
25 silly packumentCache corgi:https://registry.npmjs.org/qs set size:143799 disposed:false
26 http fetch GET 200 https://registry.npmjs.org/lodash 78ms (cache revalidated)
27 silly packumentCache corgi:https://registry.npmjs.org/lodash set size:68481 disposed:false
28 http fetch GET 200 https://registry.npmjs.org/undici 89ms (cache revalidated)
29 silly packumentCache corgi:https://registry.npmjs.org/undici set size:409147 disposed:false
30 http fetch GET 200 https://registry.npmjs.org/mongoose 121ms (cache updated)
31 silly packumentCache corgi:https://registry.npmjs.org/mongoose set size:undefined disposed:false
32 silly packumentCache corgi:https://registry.npmjs.org/@sapphire%2fshapeshift cache-miss
33 http fetch GET 200 https://registry.npmjs.org/@sapphire%2fshapeshift 52ms (cache revalidated)
34 silly packumentCache corgi:https://registry.npmjs.org/@sapphire%2fshapeshift set size:1051334 disposed:false
35 silly packumentCache corgi:https://registry.npmjs.org/connect-timeout cache-miss
36 http fetch GET 200 https://registry.npmjs.org/connect-timeout 174ms (cache revalidated)
37 silly packumentCache corgi:https://registry.npmjs.org/connect-timeout set size:12786 disposed:false
38 silly packumentCache corgi:https://registry.npmjs.org/body-parser cache-miss
39 silly packumentCache corgi:https://registry.npmjs.org/express cache-miss
40 http fetch GET 200 https://registry.npmjs.org/body-parser 45ms (cache revalidated)
41 silly packumentCache corgi:https://registry.npmjs.org/body-parser set size:77795 disposed:false
42 http fetch GET 200 https://registry.npmjs.org/express 208ms (cache revalidated)
43 silly packumentCache corgi:https://registry.npmjs.org/express set size:337735 disposed:false
44 silly packumentCache corgi:https://registry.npmjs.org/@discordjs%2frest cache-miss
45 silly packumentCache corgi:https://registry.npmjs.org/discord.js cache-miss
46 http fetch GET 200 https://registry.npmjs.org/@discordjs%2frest 106ms (cache updated)
47 silly packumentCache corgi:https://registry.npmjs.org/@discordjs%2frest set size:undefined disposed:false
48 http fetch GET 200 https://registry.npmjs.org/discord.js 165ms (cache updated)
49 silly packumentCache corgi:https://registry.npmjs.org/discord.js set size:undefined disposed:false
50 silly packumentCache corgi:https://registry.npmjs.org/express-async-errors cache-miss
51 http fetch GET 200 https://registry.npmjs.org/express-async-errors 37ms (cache revalidated)
52 silly packumentCache corgi:https://registry.npmjs.org/express-async-errors set size:7888 disposed:false
53 silly packumentCache corgi:https://registry.npmjs.org/@discordjs%2fws cache-miss
54 http fetch GET 200 https://registry.npmjs.org/@discordjs%2fws 765ms (cache updated)
55 silly packumentCache corgi:https://registry.npmjs.org/@discordjs%2fws set size:undefined disposed:false
56 verbose cwd /home/container
57 verbose os Linux 6.14.0-1017-azure
58 verbose node v23.11.1
59 verbose npm  v11.11.0
60 verbose exit 0
61 info ok
