0 verbose cli /usr/local/bin/node /usr/local/bin/npm
1 info using npm@11.7.0
2 info using node@v23.11.1
3 silly config load:file:/usr/local/lib/node_modules/npm/npmrc
4 silly config load:file:/home/container/.npmrc
5 silly config load:file:/usr/local/etc/npmrc
6 verbose title npm install
7 verbose argv "install"
8 verbose logfile logs-max:10 dir:/home/container/.npm/_logs/2026-01-24T04_17_30_696Z-
9 verbose logfile /home/container/.npm/_logs/2026-01-24T04_17_30_696Z-debug-0.log
10 silly logfile done cleaning log files
11 silly packumentCache heap:1740111872 maxSize:435027968 maxEntrySize:217513984
12 verbose shrinkwrap failed to load node_modules/.package-lock.json out of date, updated: node_modules
13 silly idealTree buildDeps
14 http fetch GET 200 https://registry.npmjs.org/npm 229ms
15 silly reify moves {}
16 silly audit bulk request {
16 silly audit   '@discordjs/builders': [ '1.10.0' ],
16 silly audit   '@discordjs/collection': [ '2.1.1', '1.5.3' ],
16 silly audit   '@discordjs/formatters': [ '0.6.0' ],
16 silly audit   '@discordjs/rest': [ '2.4.2' ],
16 silly audit   '@discordjs/util': [ '1.1.1' ],
16 silly audit   '@discordjs/ws': [ '1.2.0' ],
16 silly audit   '@mongodb-js/saslprep': [ '1.1.9' ],
16 silly audit   '@sapphire/async-queue': [ '1.5.5' ],
16 silly audit   '@sapphire/shapeshift': [ '4.0.0' ],
16 silly audit   '@sapphire/snowflake': [ '3.5.5', '3.5.3' ],
16 silly audit   '@types/node': [ '22.10.5' ],
16 silly audit   '@types/webidl-conversions': [ '7.0.3' ],
16 silly audit   '@types/whatwg-url': [ '11.0.5' ],
16 silly audit   '@types/ws': [ '8.5.13' ],
16 silly audit   '@vladfrangu/async_event_emitter': [ '2.4.6' ],
16 silly audit   accepts: [ '1.3.8' ],
16 silly audit   'array-flatten': [ '1.1.1' ],
16 silly audit   'body-parser': [ '1.20.3' ],
16 silly audit   'http-errors': [ '2.0.0', '1.6.3' ],
16 silly audit   inherits: [ '2.0.4', '2.0.3' ],
16 silly audit   'on-finished': [ '2.4.1', '2.3.0' ],
16 silly audit   bson: [ '6.10.1' ],
16 silly audit   bufferutil: [ '4.0.9' ],
16 silly audit   bytes: [ '3.1.2' ],
16 silly audit   'call-bind-apply-helpers': [ '1.0.1' ],
16 silly audit   'call-bound': [ '1.0.3' ],
16 silly audit   'connect-timeout': [ '1.9.0' ],
16 silly audit   'content-disposition': [ '0.5.4' ],
16 silly audit   'content-type': [ '1.0.5' ],
16 silly audit   cookie: [ '0.7.2', '0.7.1' ],
16 silly audit   'cookie-parser': [ '1.4.7' ],
16 silly audit   'cookie-signature': [ '1.0.6' ],
16 silly audit   cors: [ '2.8.5' ],
16 silly audit   debug: [ '2.6.9', '4.4.0' ],
16 silly audit   depd: [ '2.0.0', '1.1.2' ],
16 silly audit   destroy: [ '1.2.0' ],
16 silly audit   'discord-api-types': [ '0.37.115' ],
16 silly audit   'discord.js': [ '14.17.3' ],
16 silly audit   dotenv: [ '16.4.7' ],
16 silly audit   'dunder-proto': [ '1.0.1' ],
16 silly audit   'ee-first': [ '1.1.1' ],
16 silly audit   encodeurl: [ '2.0.0', '1.0.2' ],
16 silly audit   'es-define-property': [ '1.0.1' ],
16 silly audit   'es-errors': [ '1.3.0' ],
16 silly audit   'es-object-atoms': [ '1.0.0' ],
16 silly audit   'escape-html': [ '1.0.3' ],
16 silly audit   etag: [ '1.8.1' ],
16 silly audit   express: [ '4.21.2' ],
16 silly audit   'express-async-errors': [ '3.1.1' ],
16 silly audit   'fast-deep-equal': [ '3.1.3' ],
16 silly audit   finalhandler: [ '1.3.1' ],
16 silly audit   forwarded: [ '0.2.0' ],
16 silly audit   fresh: [ '0.5.2' ],
16 silly audit   'function-bind': [ '1.1.2' ],
16 silly audit   'get-intrinsic': [ '1.2.7' ],
16 silly audit   'get-proto': [ '1.0.1' ],
16 silly audit   gopd: [ '1.2.0' ],
16 silly audit   'has-symbols': [ '1.1.0' ],
16 silly audit   hasown: [ '2.0.2' ],
16 silly audit   setprototypeof: [ '1.1.0', '1.2.0' ],
16 silly audit   statuses: [ '1.5.0', '2.0.1' ],
16 silly audit   'iconv-lite': [ '0.4.24' ],
16 silly audit   install: [ '0.13.0' ],
16 silly audit   'ipaddr.js': [ '1.9.1' ],
16 silly audit   kareem: [ '2.6.3' ],
16 silly audit   lodash: [ '4.17.21' ],
16 silly audit   'lodash.snakecase': [ '4.1.1' ],
16 silly audit   'magic-bytes.js': [ '1.10.0' ],
16 silly audit   'math-intrinsics': [ '1.1.0' ],
16 silly audit   'media-typer': [ '0.3.0' ],
16 silly audit   'memory-pager': [ '1.5.0' ],
16 silly audit   'merge-descriptors': [ '1.0.3' ],
16 silly audit   methods: [ '1.1.2' ],
16 silly audit   mime: [ '1.6.0' ],
16 silly audit   'mime-db': [ '1.52.0' ],
16 silly audit   'mime-types': [ '2.1.35' ],
16 silly audit   mongodb: [ '6.12.0' ],
16 silly audit   'mongodb-connection-string-url': [ '3.0.1' ],
16 silly audit   mongoose: [ '8.9.4' ],
16 silly audit   ms: [ '2.1.3', '2.0.0' ],
16 silly audit   mpath: [ '0.9.0' ],
16 silly audit   mquery: [ '5.0.0' ],
16 silly audit   nan: [ '2.22.0' ],
16 silly audit   negotiator: [ '0.6.3' ],
16 silly audit   'node-gyp-build': [ '4.8.4' ],
16 silly audit   'object-assign': [ '4.1.1' ],
16 silly audit   'object-inspect': [ '1.13.3' ],
16 silly audit   'on-headers': [ '1.0.2' ],
16 silly audit   ordinal: [ '1.0.3' ],
16 silly audit   parseurl: [ '1.3.3' ],
16 silly audit   'path-to-regexp': [ '0.1.12' ],
16 silly audit   'proxy-addr': [ '2.0.7' ],
16 silly audit   punycode: [ '2.3.1' ],
16 silly audit   qs: [ '6.13.0' ],
16 silly audit   'range-parser': [ '1.2.1' ],
16 silly audit   'raw-body': [ '2.5.2' ],
16 silly audit   'safe-buffer': [ '5.2.1' ],
16 silly audit   'safer-buffer': [ '2.1.2' ],
16 silly audit   send: [ '0.19.0' ],
16 silly audit   'serve-static': [ '1.16.2' ],
16 silly audit   'side-channel': [ '1.1.0' ],
16 silly audit   'side-channel-list': [ '1.0.0' ],
16 silly audit   'side-channel-map': [ '1.0.1' ],
16 silly audit   'side-channel-weakmap': [ '1.0.2' ],
16 silly audit   sift: [ '17.1.3' ],
16 silly audit   'sparse-bitfield': [ '3.0.3' ],
16 silly audit   toidentifier: [ '1.0.1' ],
16 silly audit   tr46: [ '4.1.1' ],
16 silly audit   'ts-mixer': [ '6.0.4' ],
16 silly audit   tslib: [ '2.8.1' ],
16 silly audit   'type-is': [ '1.6.18' ],
16 silly audit   undici: [ '6.19.8' ],
16 silly audit   'undici-types': [ '6.20.0' ],
16 silly audit   unpipe: [ '1.0.0' ],
16 silly audit   'utf-8-validate': [ '6.0.5' ],
16 silly audit   'utils-merge': [ '1.0.1' ],
16 silly audit   vary: [ '1.1.2' ],
16 silly audit   'webidl-conversions': [ '7.0.0' ],
16 silly audit   'whatwg-url': [ '13.0.0' ],
16 silly audit   ws: [ '8.18.0' ],
16 silly audit   'zlib-sync': [ '0.1.9' ]
16 silly audit }
17 http fetch POST 200 https://registry.npmjs.org/-/npm/v1/security/advisories/bulk 211ms
18 silly audit report {
18 silly audit report   lodash: [
18 silly audit report     {
18 silly audit report       id: 1112455,
18 silly audit report       url: 'https://github.com/advisories/GHSA-xxjr-mmjv-4gpg',
18 silly audit report       title: 'Lodash has Prototype Pollution Vulnerability in `_.unset` and `_.omit` functions',
18 silly audit report       severity: 'moderate',
18 silly audit report       vulnerable_versions: '>=4.0.0 <=4.17.22',
18 silly audit report       cwe: [Array],
18 silly audit report       cvss: [Object]
18 silly audit report     }
18 silly audit report   ],
18 silly audit report   mongoose: [
18 silly audit report     {
18 silly audit report       id: 1101840,
18 silly audit report       url: 'https://github.com/advisories/GHSA-vg7j-7cwx-8wgw',
18 silly audit report       title: 'Mongoose search injection vulnerability',
18 silly audit report       severity: 'critical',
18 silly audit report       vulnerable_versions: '>=8.0.0-rc0 <8.9.5',
18 silly audit report       cwe: [Array],
18 silly audit report       cvss: [Object]
18 silly audit report     }
18 silly audit report   ],
18 silly audit report   'on-headers': [
18 silly audit report     {
18 silly audit report       id: 1106812,
18 silly audit report       url: 'https://github.com/advisories/GHSA-76c9-3jph-rj3q',
18 silly audit report       title: 'on-headers is vulnerable to http response header manipulation',
18 silly audit report       severity: 'low',
18 silly audit report       vulnerable_versions: '<1.1.0',
18 silly audit report       cwe: [Array],
18 silly audit report       cvss: [Object]
18 silly audit report     }
18 silly audit report   ],
18 silly audit report   qs: [
18 silly audit report     {
18 silly audit report       id: 1111755,
18 silly audit report       url: 'https://github.com/advisories/GHSA-6rw7-vpxm-498p',
18 silly audit report       title: "qs's arrayLimit bypass in its bracket notation allows DoS via memory exhaustion",
18 silly audit report       severity: 'high',
18 silly audit report       vulnerable_versions: '<6.14.1',
18 silly audit report       cwe: [Array],
18 silly audit report       cvss: [Object]
18 silly audit report     }
18 silly audit report   ],
18 silly audit report   undici: [
18 silly audit report     {
18 silly audit report       id: 1101609,
18 silly audit report       url: 'https://github.com/advisories/GHSA-c76h-2ccp-4975',
18 silly audit report       title: 'Use of Insufficiently Random Values in undici',
18 silly audit report       severity: 'moderate',
18 silly audit report       vulnerable_versions: '>=6.0.0 <6.21.1',
18 silly audit report       cwe: [Array],
18 silly audit report       cvss: [Object]
18 silly audit report     },
18 silly audit report     {
18 silly audit report       id: 1104500,
18 silly audit report       url: 'https://github.com/advisories/GHSA-cxrh-j4jr-qwg3',
18 silly audit report       title: 'undici Denial of Service attack via bad certificate data',
18 silly audit report       severity: 'low',
18 silly audit report       vulnerable_versions: '>=6.0.0 <6.21.2',
18 silly audit report       cwe: [Array],
18 silly audit report       cvss: [Object]
18 silly audit report     },
18 silly audit report     {
18 silly audit report       id: 1112496,
18 silly audit report       url: 'https://github.com/advisories/GHSA-g9mf-h72j-4rw9',
18 silly audit report       title: 'Undici has an unbounded decompression chain in HTTP responses on Node.js Fetch API via Content-Encoding leads to resource exhaustion',
18 silly audit report       severity: 'moderate',
18 silly audit report       vulnerable_versions: '<6.23.0',
18 silly audit report       cwe: [Array],
18 silly audit report       cvss: [Object]
18 silly audit report     }
18 silly audit report   ]
18 silly audit report }
19 silly packumentCache corgi:https://registry.npmjs.org/lodash cache-miss
20 silly packumentCache corgi:https://registry.npmjs.org/mongoose cache-miss
21 silly packumentCache corgi:https://registry.npmjs.org/on-headers cache-miss
22 silly packumentCache corgi:https://registry.npmjs.org/qs cache-miss
23 silly packumentCache corgi:https://registry.npmjs.org/undici cache-miss
24 http fetch GET 200 https://registry.npmjs.org/lodash 61ms (cache miss)
25 silly packumentCache corgi:https://registry.npmjs.org/lodash set size:undefined disposed:false
26 http fetch GET 200 https://registry.npmjs.org/on-headers 90ms (cache miss)
27 silly packumentCache corgi:https://registry.npmjs.org/on-headers set size:undefined disposed:false
28 http fetch GET 200 https://registry.npmjs.org/qs 95ms (cache miss)
29 silly packumentCache corgi:https://registry.npmjs.org/qs set size:undefined disposed:false
30 http fetch GET 200 https://registry.npmjs.org/undici 112ms (cache miss)
31 silly packumentCache corgi:https://registry.npmjs.org/undici set size:undefined disposed:false
32 http fetch GET 200 https://registry.npmjs.org/mongoose 147ms (cache miss)
33 silly packumentCache corgi:https://registry.npmjs.org/mongoose set size:undefined disposed:false
34 silly packumentCache corgi:https://registry.npmjs.org/@sapphire%2fshapeshift cache-miss
35 http fetch GET 200 https://registry.npmjs.org/@sapphire%2fshapeshift 60ms (cache miss)
36 silly packumentCache corgi:https://registry.npmjs.org/@sapphire%2fshapeshift set size:undefined disposed:false
37 silly packumentCache corgi:https://registry.npmjs.org/connect-timeout cache-miss
38 http fetch GET 200 https://registry.npmjs.org/connect-timeout 242ms (cache miss)
39 silly packumentCache corgi:https://registry.npmjs.org/connect-timeout set size:undefined disposed:false
40 silly packumentCache corgi:https://registry.npmjs.org/body-parser cache-miss
41 silly packumentCache corgi:https://registry.npmjs.org/express cache-miss
42 http fetch GET 200 https://registry.npmjs.org/body-parser 33ms (cache miss)
43 silly packumentCache corgi:https://registry.npmjs.org/body-parser set size:undefined disposed:false
44 http fetch GET 200 https://registry.npmjs.org/express 62ms (cache miss)
45 silly packumentCache corgi:https://registry.npmjs.org/express set size:undefined disposed:false
46 silly packumentCache corgi:https://registry.npmjs.org/@discordjs%2frest cache-miss
47 silly packumentCache corgi:https://registry.npmjs.org/discord.js cache-miss
48 http fetch GET 200 https://registry.npmjs.org/@discordjs%2frest 115ms (cache miss)
49 silly packumentCache corgi:https://registry.npmjs.org/@discordjs%2frest set size:undefined disposed:false
50 http fetch GET 200 https://registry.npmjs.org/discord.js 223ms (cache miss)
51 silly packumentCache corgi:https://registry.npmjs.org/discord.js set size:undefined disposed:false
52 silly packumentCache corgi:https://registry.npmjs.org/express-async-errors cache-miss
53 http fetch GET 200 https://registry.npmjs.org/express-async-errors 194ms (cache miss)
54 silly packumentCache corgi:https://registry.npmjs.org/express-async-errors set size:undefined disposed:false
55 silly packumentCache corgi:https://registry.npmjs.org/@discordjs%2fws cache-miss
56 http fetch GET 200 https://registry.npmjs.org/@discordjs%2fws 736ms (cache miss)
57 silly packumentCache corgi:https://registry.npmjs.org/@discordjs%2fws set size:undefined disposed:false
58 verbose cwd /home/container
59 verbose os Linux 6.14.0-1017-azure
60 verbose node v23.11.1
61 verbose npm  v11.7.0
62 notice
62 notice New [33mminor[39m version of npm available! [33m11.7.0[39m -> [34m11.8.0[39m
62 notice Changelog: [34mhttps://github.com/npm/cli/releases/tag/v11.8.0[39m
62 notice To update run: [4mnpm install -g npm@11.8.0[24m
62 notice  { force: true, [Symbol(proc-log.meta)]: true }
63 verbose exit 0
64 info ok
